<?xml version="1.0" encoding="UTF-8"?>
<!-- Generated by org.testng.reporters.JUnitReportReporter -->
<testsuite hostname="RABBI-PC" name="com.qa.test.DemoTest" tests="4" failures="0" timestamp="2 Feb 2019 04:39:12 GMT" time="0.019" errors="0">
  <testcase name="subtraction" time="0.002" classname="com.qa.test.DemoTest"/>
  <testcase name="div" time="0.013" classname="com.qa.test.DemoTest"/>
  <testcase name="sum" time="0.002" classname="com.qa.test.DemoTest"/>
  <testcase name="multiply" time="0.002" classname="com.qa.test.DemoTest"/>
</testsuite> <!-- com.qa.test.DemoTest -->
