<?xml version="1.0" encoding="UTF-8"?>
<!-- Generated by org.testng.reporters.JUnitReportReporter -->
<testsuite hostname="RABBI-PC" name="com.qa.test.DemoTest" tests="5" failures="0" timestamp="2 Feb 2019 21:09:22 GMT" time="0.017" errors="0">
  <testcase name="multiply" time="0.002" classname="com.qa.test.DemoTest"/>
  <testcase name="sum" time="0.001" classname="com.qa.test.DemoTest"/>
  <testcase name="addition" time="0.011" classname="com.qa.test.DemoTest"/>
  <testcase name="subtraction" time="0.001" classname="com.qa.test.DemoTest"/>
  <testcase name="div" time="0.002" classname="com.qa.test.DemoTest"/>
</testsuite> <!-- com.qa.test.DemoTest -->
